import{_ as u,o as a,c as i,a as t,m as h,t as d,C as f,M as y,U as w,f as c,F as b,p as v,e as k,q as T}from"./chunks/framework.B1z0IdBH.js";const A={name:"PoemCard",props:{poem:{type:Object,required:!0}}},I={class:"poem-container"},x={class:"review"},S={class:"review-title"},C={class:"review-content"};function P(o,e,l,m,n,r){return a(),i("div",I,[t("div",x,[t("div",S,[e[0]||(e[0]=t("span",{class:"icon"},"question:",-1)),h(d(l.poem.instruction),1)]),e[2]||(e[2]=t("div",{class:"divider"},null,-1)),t("p",C,[e[1]||(e[1]=t("span",{class:"icon"},"answer:",-1)),h(d(l.poem.output),1)])])])}const _=u(A,[["render",P],["__scopeId","data-v-da8cae1f"]]),D=JSON.parse(`[{"instruction":"correct emial Hi Mallya Sir , We are sure and not send any invoice in the end of month. That after 25th of the month We need to check with P2I team for the boking and I am aware after 25th we are instructed to team not to to GRn right? And the below attached invoice are related to manpower supply and we will send the invoice in the 1st week on the month","output":"Hi Mallya Sir, We would like to clarify that we do not send any invoices at the end of the month. Our practice is to send invoices after the 25th of the month. Furthermore, we need to verify with the P2I team regarding the bookings. I am aware that after the 25th, we have instructed the team not to perform GRN, correct? Lastly, the attached invoices are related to manpower supply, and we will send the invoices during the first week of the upcoming month. Thank you."},{"instruction":"correct email Hi Richard , Thank for the swift response . Yes, the PC is updated and ready for integration for addition of your profile to secomia I need to check with siemonia team . if you can share your details I will check with sicomia team for the addition. For sap integration I will check in detail if you and requirement you share with us which will help us to get things ready . Regards <PRESIDIO_ANONYMIZED_PERSON>","output":"Hi Richard, Thank you for your swift response. I'm glad to hear that the PC is updated and ready for integration. Regarding the addition of your profile to Secomia, I will need to check with the Siemonia team. Could you please share your details with me so that I can inquire with them about the addition? As for SAP integration, I will dive into the details and requirements that you shared with us. This will help us prepare and get everything ready. Best regards, <PRESIDIO_ANONYMIZED_PERSON>"},{"instruction":"пример пары строк данных ({\\"SourceHostname_User\\": \\"directorTestoedovNA\\", \\"EventId\\": 0.0, \\"ThreadId\\": 0.0, \\"Image\\": 0.6666666666666666, \\"UtcTime\\": \\"2023-12-04 04:21:08.721\\", \\"Class\\": 1} {\\"SourceHostname_User\\": \\"directorTestoedovNA\\", \\"EventId\\": 0.0, \\"ThreadId\\": 0.0, \\"Image\\": 1.0, \\"UtcTime\\": \\"2023-12-04 04:21:08.851\\", \\"Class\\": 1} {\\"SourceHostname_User\\": \\"directorTestoedovNA\\", \\"EventId\\": 0.0, \\"ThreadId\\": 0.0, \\"Image\\": 1.0, \\"UtcTime\\": \\"2023-12-04 04:21:11.056\\", \\"Class\\": 1} {\\"SourceHostname_User\\": \\"n764265.iss-reshetnev.ru\\", \\"EventId\\": 0.16666666666666669, \\"ThreadId\\": 0.9999999999999996, \\"Image\\": 0.3333333333333333, \\"UtcTime\\": \\"2023-12-04 01:17:33.720\\", \\"Class\\": 0} {\\"SourceHostname_User\\": \\"n764265.iss-reshetnev.ru\\", \\"EventId\\": 0.16666666666666669, \\"ThreadId\\": 0.9999999999999996, \\"Image\\": 0.3333333333333333, \\"UtcTime\\": \\"2023-12-04 01:17:33.787\\", \\"Class\\": 0}) код обучения(input_file_name = '34.jsonl' class DataGenerator(Sequence): def __init__(self, filename, batch_size, n_classes, shuffle=False): self.filename = filename self.batch_size = batch_size self.n_classes = n_classes self.shuffle = shuffle self.data = self._load_data() # Load and process data on initialization self.on_epoch_end() def _load_data(self): director_data, loganov_data = [], [] with open(self.filename, 'r', encoding='utf-8') as file: for line in file: data = json.loads(line) if 'directorTestoedovNA' in data['SourceHostname_User']: director_data.append(data) elif data['SourceHostname_User'] == 'n764265.iss-reshetnev.ru': loganov_data.append(data) return { 'directorTestoedovNA': director_data, 'n764265.iss-reshetnev.ru': loganov_data } def on_epoch_end(self): if self.shuffle: np.random.shuffle(self.data['directorTestoedovNA']) np.random.shuffle(self.data['n764265.iss-reshetnev.ru']) def __len__(self): return min(len(self.data['directorTestoedovNA']), len(self.data['n764265.iss-reshetnev.ru'])) // (self.batch_size // 2) def __getitem__(self, index): x = np.zeros((self.batch_size, 100, 3)) y = np.zeros((self.batch_size), dtype=int) half_batch = self.batch_size // 2 director_index = index * half_batch loganov_index = index * half_batch for i in range(half_batch): data = self.data['directorTestoedovNA'][director_index + i] x[i] = np.array([data['EventId'], data['ThreadId'], data['Image']])[:100] y[i] = data['Class'] data = self.data['n764265.iss-reshetnev.ru'][loganov_index + i] x[i + half_batch] = np.array([data['EventId'], data['ThreadId'], data['Image']])[:100] y[i + half_batch] = data['Class'] return x, tf.keras.utils.to_categorical(y, num_classes=self.n_classes) n_features = 3 sequence_length = 100 n_classes = 2 model = Sequential([ GRU(100, return_sequences=True, input_shape=(sequence_length, n_features)), GRU(128, return_sequences=False), Dense(n_classes, activation=\\"relu\\") ]) model.compile(optimizer=\\"adam\\", loss=\\"categorical_crossentropy\\", metrics=[\\"accuracy\\"]) train_generator = DataGenerator(filename=input_file_name, batch_size=100, n_classes=n_classes) model.fit(train_generator, epochs=1) model.save(\\"neural_network_model.h5\\") ) найди и испраавь ошибки","output":"Для того чтобы исправить ошибки в представленном коде, давайте разберемся с каждой частью: 1. Импортировать требуемые модули: Перед использованием классов \`Sequence\`, \`Sequential\`, \`GRU\`, \`Dense\` и функций \`np.random.shuffle\`, \`json.loads\` и \`np.array\`, их необходимо импортировать. Также нужно убедиться, что библиотеки Numpy, TensorFlow и Keras установлены. Добавить в начало кода: \`\`\`python import json import numpy as np import tensorflow as tf from tensorflow.keras.models import Sequential from tensorflow.keras.layers import GRU, Dense from tensorflow.keras.utils import Sequence \`\`\` 2. Используйте правильные значения для \`input_shape\` и обрезки данных: В вашем генераторе данных \`x\` инициализируется с размером \`(self.batch_size, 100, 3)\`, но вы обрезаете каждый элемент данных до \`[data['EventId'], data['ThreadId'], data['Image']]\` без ограничения по длине, а потом пытаетесь обрезать его до первых 100 элементов с \`[:100]\`, что не имеет смысла, так как у вас всего три элемента. Следовательно, \`input_shape\` в модели должен соответствовать действительности, то есть быть \`(3,)\` в данном случае. Измените размер \`x\` и \`input_shape\`: \`\`\`python x = np.zeros((self.batch_size, 3)) # изменим размер на (self.batch_size, 3) input_shape=(3,) # кол-во признаков на каждую точку данных \`\`\` Уберите \`[:100]\`, так как это не нужно. 3. Исправьте функцию активации в выходном слое: Так как используется \\"categorical_crossentropy\\" для функции потерь, нужно использовать функцию активации \`softmax\` для последнего слоя, чтобы вероятностное распределение предсказаний могло быть корректным. Измените функцию активации последнего слоя на \`softmax\`: \`\`\`python Dense(n_classes, activation=\\"softmax\\") \`\`\` 4. Проверьте использование \`categorical_crossentropy\`: Убедитесь, что метки \`y\` подготовлены для \`categorical_crossentropy\`, возможно, вам нужно использовать \`sparse_categorical_crossentropy\`, если метки являются целыми числами и не приведены к категориальному виду. Итак, исправленный код будет выглядеть следующим образом: \`\`\`python import json import numpy as np import tensorflow as tf from tensorflow.keras.models import Sequential from tensorflow.keras.layers import GRU, Dense from tensorflow.keras.utils import Sequence # Код DataGenerator сделать исправлениям # ... n_features = 3 n_classes = 2 model = Sequential([ GRU(100, return_sequences=True, input_shape=(n_features,)), GRU(128, return_sequences=False), Dense(n_classes, activation=\\"softmax\\") # Используем softmax ]) model.compile(optimizer=\\"adam\\", loss=\\"categorical_crossentropy\\", metrics=[\\"accuracy\\"]) input_file_name = '34.jsonl' train_generator = DataGenerator(filename=input_file_name, batch_size=100, n_classes=n_classes) model.fit(train_generator, epochs=1) model.save(\\"neural_network_model.h5\\") \`\`\` Не забудьте также исправить метод \`_load_data()\` генератора данных, чтобы он корректно работал с вашими данными, и \`on_epoch_end()\` для корректной логики перемешивания данных при необходимости."},{"instruction":"Напиши полный рабочий код для обучения. размер окна 100 или выбери оптимальный. Также сделай так, чтоб данные из разных классов подавались в оптимальном для обучения порядке.","output":"Чтобы написать рабочий код для обучения модели, сначала нам нужно понять структуру данных и как их лучше всего подать для обучения. В вашем случае данные представляют собой JSON строки, каждая из которых содержит информацию о каком-то событии с полями \\"EventId\\", \\"ThreadId\\", \\"Image\\", и т.д. Вам также нужно определиться, что именно вы хотите предсказывать и как данные должны быть подготовлены. При работе с временными рядами и последовательными данными, как правило, мы рассматриваем некий \\"окно\\" последовательных событий для предсказания следующего значения или класса последующего события, а не одно событие за раз. Давайте напишем полный код для подготовки данных и обучения нейронной сети, с учетом периода из 100 событий: \`\`\`python import json import numpy as np import tensorflow as tf from tensorflow.keras.models import Sequential from tensorflow.keras.layers import GRU, Dense from tensorflow.keras.utils import Sequence # Определяем класс генератора данных class DataGenerator(Sequence): def __init__(self, filename, batch_size, window_size, shuffle=True): self.filename = filename self.batch_size = batch_size self.window_size = window_size self.shuffle = shuffle self.data, self.labels = self._load_data() self.indexes = np.arange(len(self.data)) def _load_data(self): data = [] labels = [] with open(self.filename, 'r', encoding='utf-8') as file: for line in file: event = json.loads(line) data.append([event['EventId'], event['ThreadId'], event['Image']]) labels.append(event['Class']) # Преобразуем данные в окна sequences = [] sequence_labels = [] for i in range(len(data) - self.window_size + 1): sequences.append(data[i:i+self.window_size]) # Принимаем метку последнего события в окне sequence_labels.append(labels[i+self.window_size - 1]) return sequences, sequence_labels def on_epoch_end(self): if self.shuffle: np.random.shuffle(self.indexes) def __getitem__(self, index): batch_indexes = self.indexes[index * self.batch_size:(index + 1) * self.batch_size] X = np.array([self.data[k] for k in batch_indexes]) y = np.array([self.labels[k] for k in batch_indexes]) return X, tf.keras.utils.to_categorical(y, num_classes=2) def __len__(self): return len(self.data) // self.batch_size # Параметры для генератора и модели input_file_name = '34.jsonl' batch_size = 32 window_size = 100 n_features = 3 # Построение модели model = Sequential([ GRU(100, return_sequences=True, input_shape=(window_size, n_features)), GRU(128, return_sequences=False), Dense(2, activation='softmax') # Два класса: 0 и 1, используется softmax ]) model.compile(optimizer='adam', loss='categorical_crossentropy', metrics=['accuracy']) train_generator = DataGenerator(filename=input_file_name, batch_size=batch_size, window_size=window_size) # Обучаем модель model.fit(train_generator, epochs=10) # Сохраняем обученную модель model.save(\\"neural_network_model.h5\\") \`\`\` Пожалуйста, обратите внимание, что от текущей реализации могут потребоваться дополнительные данные и контекст, чтобы точно убедиться, что код соответствует вашим данным. Если у вас есть специфические требования к данным или проблемы с обучением, вам понадобится адаптировать этот код."},{"instruction":"DataGenerator() takes no arguments","output":"Извините за недоразумение. Кажется, при вызове класса \`DataGenerator\` был пропущен параметр \`shuffle\`. В Python для того чтобы передавать аргументы в конструктор объекта класса, необходимо их указать при определении метода \`__init__(self, ...)\`. Удостоверимся, что параметр \`shuffle\` включён в этот метод. Давайте перепишем класс \`DataGenerator\`, указав все необходимые аргументы и исправив ошибку: \`\`\`python class DataGenerator(Sequence): def __init__(self, filename, batch_size, window_size, shuffle=True): self.filename = filename self.batch_size = batch_size self.window_size = window_size self.shuffle = shuffle self.data, self.labels = self._load_data() self.indexes = np.arange(len(self.data)) self.on_epoch_end() # ... остальные методы DataGenerator ... \`\`\` Теперь убедимся, что мы передаем все эти аргументы при вызове класса, создавая экземпляр \`train_generator\`: \`\`\`python # ... все импорты ... class DataGenerator(Sequence): # ... определение класса DataGenerator ... # ... определение структуры модели ... train_generator = DataGenerator( filename=input_file_name, batch_size=batch_size, window_size=window_size, shuffle=True ) # ... процесс обучения и сохранение модели ... \`\`\` Теперь вызов \`DataGenerator\` передает все необходимые аргументы в конструктор класса, и проблема \\"DataGenerator() takes no arguments\\" должна быть исправлена. Убедитесь, что остальная часть кода, в частности определения функций \`__len__\` и \`__getitem__\`, написаны корректно и соответствуют ожиданиям API Keras для пользовательских генераторов."},{"instruction":"import json import numpy as np from tensorflow.keras.models import load_model from collections import defaultdict import plotly.graph_objs as go model = load_model(\\"neural_network_model.h5\\") filename = '1.jsonl' sequence_length = 100 user_counter, data_by_user = load_data(filename) specific_hosts = [ 'Director', 'direcoedovNA', 'шшшш', \\"ISшшшшachevaNV\\", \\"IшшшKrivtsovVV\\", \\"n76nev.ru\\", \\"az.isru\\", 'n764nev.ru' ] predictions = defaultdict(list) max_predictions = 100 for user in specific_hosts: events = data_by_user[user] for i in range(min(len(events) - sequence_length + 1, max_predictions)): sequence = np.array(events[i:i + sequence_length]) sequence = sequence.reshape((1, sequence_length, -1)) pred = model.predict(sequence) predictions[user].extend(pred) if len(predictions[user]) >= max_predictions: break def plot_predictions(predictions, specific_hosts): fig = go.Figure() for user in specific_hosts: preds = np.array(predictions[user]) if len(preds) == 0: continue y = np.argmax(preds, axis=1) x = np.arange(len(y)) fig.add_trace(go.Scatter(x=x, y=y, mode='lines', name=user)) fig.update_layout( title='Predictions for Specific Hosts', xaxis_title='Prediction Number', yaxis_title='Predicted Class', hovermode='x unified' ) fig.update_xaxes(rangeslider_visible=True) fig.update_yaxes(fixedrange=False) fig.show() plot_predictions(predictions, specific_hosts) тепеоь перепиши проверку","output":"Для того, чтобы переписать проверку, которая предсказывает классы событий для определенных пользователей, мы должны убедиться, что функция \`load_data\` корректно загружает и обрабатывает данные из файла. Кроме того, модель ожидает данные определенного формата, поэтому мы должны преобразовать их соответствующим образом перед передачей в модель. Для последовательности из 100 событий может потребоваться дополнительный предобработка данных, чтобы они соответствовали ожиданиям модели. Приведенный вами код не содержит полной имплементации функции \`load_data\`, поэтому я дополню пример функцией \`load_data\`, которая будет генерировать словарь данных по каждому пользователю. Далее пример исправленного кода проверки с предположением, что \`load_data\` возвращает словарь \`data_by_user\`, ключами которого являются имена пользователей, а значениями - списки событий. \`\`\`python import json import numpy as np from tensorflow.keras.models import load_model from collections import defaultdict # Загрузка модели model = load_model(\\"neural_network_model.h5\\") # Параметры filename = '1.jsonl' sequence_length = 100 batch_size = 64 # Оптимальный размер батча для предсказаний # Функция должна быть реализована для загрузки данных def load_data(filename): data_by_user = defaultdict(list) with open(filename, 'r', encoding='utf-8') as file: for line in file: event = json.loads(line) user = event['SourceHostname_User'].split('')[-1] # Предполагаем, что имя пользователя идет после '' data_by_user[user].append([event['EventId'], event['ThreadId'], event['Image']]) return data_by_user # Указываем список специфических пользователей specific_hosts = [ 'Director', 'TestoedovNA', # Добавить остальных пользователей ] # Загрузка данных data_by_user = load_data(filename) # Функция для формирования батчей def generate_batches(events, batch_size, sequence_length): num_sequences = len(events) - sequence_length + 1 for i in range(0, num_sequences, batch_size): batch = events[i:i+batch_size] yield np.array(batch) # Предсказание модели predictions = defaultdict(list) for user in specific_hosts: events = data_by_user[user] num_predictions = min(len(events) - sequence_length + 1, max_predictions) if num_predictions < 1: continue for sequence_batch in generate_batches(events, batch_size, sequence_length): if len(predictions[user]) >= max_predictions: break pred = model.predict(sequence_batch) predictions[user].extend(pred) # Функция для визуализации... # ...содержание функции plot_predictions не тронуто... # Визуализация plot_predictions(predictions, specific_hosts) \`\`\` Этот код предполагает, что данные загружаются с помощью функции \`load_data\` и подготавливаются в памяти для передачи в модель. Функция \`generate_batches\` последовательно генерирует батчи из событий для создания предсказаний модели. Функция \`plot_predictions\` использована без изменений для визуализации результатов предсказания. Помните, что функция \`plot_predictions\` ожидает на вход список предсказаний для каждого пользователя. Если входные данные имеют другую структуру, вам нужно будет соответствующим образом изменить эту функцию."},{"instruction":"df['Class'] = df.apply(lambda row: 1 if row['computer_name'] in ['directorTestoedovNA', 'director'] else 0, axis=1) тут должно быть или","output":"В предложенном коде на Python используется \`pandas\` DataFrame (предполагается), чтобы добавить новую колонку 'Class', которая будет содержать значение 1, если значение в колонке 'computer_name' равно 'directorTestoedovNA' или 'director', и значение 0 в противном случае. Для того чтобы операция \\"или\\" работала корректно, вы можете использовать оператор \`in\`, проверяющий вхождение элемента в список. Однако обратите внимание на двойной обратный слеш \`\`, поскольку одинарный обратный слеш в строках Python используется как escape-символ. Если вы проверяете вхождение строкового литерала с обратным слешем, вам понадобятся два слеша для правильной интерпретации. Если же это путь к файлу или имя компьютера в сети, вам действительно нужен одинарный слеш, и вам следует использовать сырой строковый литерал \`r'directorTestoedovNA'\`. Однако вы также можете столкнуться с проблемой, если в названии компьютера содержатся пробельные символы и другие варианты регистра. Для более точного сопоставления вы можете использовать метод \`str.lower()\` для приведения строк к нижнему регистру и метод \`str.strip()\` для удаления пробельных символов в начале и в конце строки. Давайте рассмотрим пример кода: \`\`\`python import pandas as pd # Предполагается, что df уже создан и содержит колонку 'computer_name' # Нормализовать имя компьютера: убрать пробельные символы и привести к нижнему регистру # И использовать проверку на вхождение в список уже с нормализованными значениями df['Class'] = df.apply(lambda row: 1 if row['computer_name'].lower().strip() in [r'directortestoedovna', 'director'] else 0, axis=1) # Проверяем результат print(df) \`\`\` Убедитесь, что имена компьютеров в вашем DataFrame соответствуют тому формату, который вы ожидаете, включая использование обратных слешей и все возможные варианты регистра."},{"instruction":"Режет данные, найди причину input_file_name = '23.jsonl' output_file_name = '34.jsonl' records = [] with open(input_file_name, 'r', encoding='utf-8') as input_file: for line in input_file: try: record = json.loads(line) if all(key in record for key in ['EventId', 'ThreadId', 'Image', 'computer_name', 'UtcTime']) and record['computer_name'] and record['UtcTime'] and str(record['EventId']).isdigit() and str(record['ThreadId']).isdigit() and str(record['Image']).isdigit(): record['EventId'] = float(record['EventId']) record['ThreadId'] = float(record['ThreadId']) record['Image'] = float(record['Image']) records.append(record) except json.JSONDecodeError: continue df = pd.DataFrame(records) df.sort_values(by=['computer_name', 'UtcTime'], inplace=True) scaler = MinMaxScaler() numerical_cols = ['EventId', 'ThreadId', 'Image'] df[numerical_cols] = scaler.fit_transform(df[numerical_cols]) df['Class'] = df.apply(lambda row: 1 if row['computer_name'] in ['directorTestoedovNA', 'director'] else 0, axis=1) with open(output_file_name, 'w') as output_file: for record in df.to_dict(orient='records'): json_record = json.dumps(record) output_file.write(f\\"{json_record}n\\") print(f\\"Total processed and saved records: {len(df)}\\")","output":"Первая очевидная причина, почему данные могут быть \\"обрезаны\\", — это условие в вашем коде, которое проверяет наличие ключей и определенные условия перед добавлением записи в список \`records\`: \`\`\`python if all(key in record for key in ['EventId', 'ThreadId', 'Image', 'computer_name', 'UtcTime']) and record['computer_name'] and record['UtcTime'] and str(record['EventId']).isdigit() and str(record['ThreadId']).isdigit() and str(record['Image']).isdigit(): # ... \`\`\` Если какое-либо из этих условий не выполняется, запись отбрасывается и не инклюдируется в финальный DataFrame и выходной файл. Вот несколько моментов, которые могут приводить к обрезанию данных: 1. \`str(record['EventId']).isdigit()\`, \`str(record['ThreadId']).isdigit()\`, \`str(record['Image']).isdigit()\` — эти проверки приводят к отбрасыванию записей, где \`'EventId'\`, \`'ThreadId'\`, \`'Image'\` не являются целочисленными. Если значения этих полей являются числами с плавающей точкой или же содержатся в строках вместе с другими символами, то они не пройдут проверку \`.isdigit()\`. 2. \`record['computer_name']\` и \`record['UtcTime']\` — эти проверки отбрасывают записи, где значения \`'computer_name'\` или \`'UtcTime'\` являются пустыми строками, \`None\`, \`0\`, \`[]\`, \`{}\`, или другими falsy значениями. Для проверки чисел с плавающей точкой можно использовать функцию \`isinstance(value, (int, float))\`. Это будет более корректно, чем приведение к строке и использование метода \`.isdigit()\`, который только для целых чисел. Для имён компьютеров, строка \`'directorTestoedovNA'\` должна содержать либо сырую строку (raw string), либо двойной слеш (как в пути файловой системы, чтобы избежать ситуации эскейпинга символа ''). Также есть вероятность, что проблема может возникнуть на этапе сортировки или масштабирования данных, но для точного определения ошибки потребуется больше контекста. Теперь исправим эти возможные ошибки и перепишем кусок кода с учетом наших предположений: \`\`\`python import json import pandas as pd from sklearn.preprocessing import MinMaxScaler input_file_name = '23.jsonl' output_file_name = '34.jsonl' records = [] with open(input_file_name, 'r', encoding='utf-8') as input_file: for line in input_file: try: record = json.loads(line) if all(key in record for key in ['EventId', 'ThreadId', 'Image', 'computer_name', 'UtcTime']): # Проверяем, что поля не пустые и EventId, ThreadId, Image являются числами if record['computer_name'] and record['UtcTime'] and isinstance(record['EventId'], (int, float)) and isinstance(record['ThreadId'], (int, float)) and isinstance(record['Image'], (int, float)): # Приведение типов не нужно, поскольку данные уже числа records.append(record) except json.JSONDecodeError: continue df = pd.DataFrame(records) df.sort_values(by=['computer_name', 'UtcTime'], inplace=True) scaler = MinMaxScaler() numerical_cols = ['EventId', 'ThreadId', 'Image'] df[numerical_cols] = scaler.fit_transform(df[numerical_cols]) df['Class'] = df.apply(lambda row: 1 if row['computer_name'].lower().strip() in [r'directortestoedovna', 'director'] else 0, axis=1) with open(output_file_name, 'w', encoding='utf-8') as output_file: for record in df.to_dict(orient='records'): json_record = json.dumps(record) output_file.write(f\\"{json_record}n\\") print(f\\"Total processed and saved records: {len(df)}\\") \`\`\` Этот код будет корректно фильтровать и сохранять данные. Обязательно проверьте свои исходные данные на наличие любых аномалий, которые могли бы вызвать «обрезание» данных."},{"instruction":"def classify_image(image, user): executable_extensions = ['.exe', '.dll', '.sys', '.bat', '.cmd', '.ps1', '.vbs'] if 'System32' in image or 'AppData' in image: if any(image.lower().endswith(ext) for ext in executable_extensions): return 3 else: return 2 elif any(image.lower().endswith(ext) for ext in executable_extensions): return 1 else: return 0 def process_record(data, output_file): source = data.get('_source', {}) event_data = source.get('event_data', {}) user = event_data.get('computer_name', '') sourcehostname = event_data.get('SourceHostname', '') event_id = source.get('event_id', '') thread_id = source.get('thread_id', '') image = event_data.get('Image', '') utc_time = event_data.get('UtcTime', '') classification = classify_image(image, user) src_or_user = sourcehostname if sourcehostname else user record = { \\"computer_name\\": src_or_user, \\"EventId\\": event_id, \\"ThreadId\\": thread_id, \\"Image\\": classification, \\"UtcTime\\": utc_time, # \\"Class\\": } output_file.write(orjson.dumps(record) + b'n') return record input_file_name = 'LogsN.json' output_file_name = '23.jsonl' processed_count = 0 with open(input_file_name, 'rb') as input_file, open(output_file_name, 'wb') as output_file: for line in input_file: try: data = orjson.loads(line) process_record(data, output_file) processed_count += 1 except KeyError as e: print(f\\"KeyError encountered: {e}\\") if processed_count % 10000 == 0: print(f'Processed {processed_count} records…') print(f'Total processed records: {processed_count}') j,htpftn сщьзгеук_тфьу","output":"Ваш код обрабатывает JSON-логи из файла, классифицирует образы (предположительно, пути к исполняемым файлам) по определенным правилам с помощью функции \`classify_image\` и записывает результаты обработки в новый файл. Однако, я заметил опечатку в строке \`print(f'Total processed records: {processed_count}')\` в вашем сообщении (скорее всего, вы написали её на русском языке по ошибке). Я исправлю это, а также внесу некоторые предложения по улучшению вашего кода. Вот исправленный и немного переработанный вариант вашего кода: \`\`\`python import orjson def classify_image(image, user): executable_extensions = ['.exe', '.dll', '.sys', '.bat', '.cmd', '.ps1', '.vbs'] if 'System32' in image or 'AppData' in image: if any(image.lower().endswith(ext) for ext in executable_extensions): return 3 else: return 2 elif any(image.lower().endswith(ext) for ext in executable_extensions): return 1 else: return 0 def process_record(data, output_file): source = data.get('_source', {}) event_data = source.get('event_data', {}) user = event_data.get('UserData', '') # Поправил ключ 'computer_name' на 'UserData' sourcehostname = source.get('SourceHostName', '') # Поправил ключ 'SourceHostname' на 'SourceHostName' event_id = source.get('EventID', '') # Поправил ключ 'event_id' на 'EventID' thread_id = source.get('ThreadID', '') # Поправил ключ 'thread_id' на 'ThreadID' image = event_data.get('Image', '') utc_time = source.get('UtcTime', '') classification = classify_image(image, user) src_or_user = sourcehostname if sourcehostname else user record = { \\"computer_name\\": src_or_user, \\"EventId\\": event_id, \\"ThreadId\\": thread_id, \\"Image\\": classification, \\"UtcTime\\": utc_time, } output_file.write(orjson.dumps(record) + b'n') input_file_name = 'LogsN.json' output_file_name = '23.jsonl' processed_count = 0 with open(input_file_name, 'rb') as input_file, open(output_file_name, 'wb') as output_file: for line in input_file: try: data = orjson.loads(line) process_record(data, output_file) processed_count += 1 except KeyError as e: print(f\\"KeyError encountered: {e}\\") if processed_count % 10000 == 0: print(f'Processed {processed_count} records…') print(f'Total processed records: {processed_count}') \`\`\` Я внес следующие изменения и предложения: 1. Предположил, что имена ключей в функции \`process_record\` могли быть неверно напечатаны и исправил их согласно распространенным конвенциям именования в логах. Убедитесь, что исправленные ключи соответствуют тем, что фактически присутствуют в ваших JSON-логах. 2. Я оставил комментарий в месте, где вы, возможно, хотели добавить классификацию события с помощью поля 'Class', но строка была закомментирована. После проверки имен ключей в ваших данных, код должен работать корректно и обрабатывать записи, преобразовывая их в соответствии с логикой классификации и сохраняя результаты в выходной файл."},{"instruction":"вот форма. {\\"_index\\": \\"winlogbeat-2023.12.04\\", \\"_type\\": \\"doc\\", \\"_id\\": \\"HksGM4wB5ZnwQua3xo1n\\", \\"_score\\": null, \\"_source\\": {\\"process_id\\": 1500, \\"event_data\\": {\\"ProcessId\\": \\"2728\\", \\"Image\\": \\"C:UsersTESTOE~1AppDataLocalTempnsd5168.tmpns2BF1.tmp\\", \\"UtcTime\\": \\"2023-12-04 04:12:08.233\\", \\"ProcessGuid\\": \\"{D0B2F8D7-5198-656D-0000-0010A2ED0600}\\"}, \\"opcode\\": \\"u0421u0432u0435u0434u0435u043du0438u044f\\", \\"record_number\\": \\"1031\\", \\"beat\\": {\\"hostname\\": \\"director\\", \\"version\\": \\"6.1.0\\", \\"name\\": \\"director\\"}, \\"user\\": {\\"type\\": \\"User\\", \\"identifier\\": \\"S-1-5-18\\", \\"domain\\": \\"NT AUTHORITY\\", \\"name\\": \\"u0441u0438u0441u0442u0435u043cu0430\\"}, \\"type\\": \\"wineventlog\\", \\"@version\\": \\"1\\", \\"level\\": \\"u0421u0432u0435u0434u0435u043du0438u044f\\", \\"thread_id\\": 1992, \\"event_id\\": 5, \\"provider_guid\\": \\"{5770385F-C22A-43E0-BF4C-06F5698FFBD9}\\", \\"tags\\": [\\"beats_input_codec_plain_applied\\"], \\"task\\": \\"Process terminated (rule: ProcessTerminate)\\", \\"@timestamp\\": \\"2023-12-04T04:12:08.233Z\\", \\"version\\": 3, \\"computer_name\\": \\"director\\", \\"log_name\\": \\"Microsoft-Windows-Sysmon/Operational\\", \\"source_name\\": \\"Microsoft-Windows-Sysmon\\", \\"host\\": {\\"name\\": \\"director\\"}, \\"message\\": \\"Process terminated:nUtcTime: 2023-12-04 04:12:08.233nProcessGuid: {D0B2F8D7-5198-656D-0000-0010A2ED0600}nProcessId: 2728nImage: C:UsersTESTOE~1AppDataLocalTempnsd5168.tmpns2BF1.tmp\\"}, \\"sort\\": [1701663128233]} 